app/build/outputs/logs/manifest-merger-debug-report.txt
-- Merging decision tree log ---
manifest
ADDED from src/main/AndroidManifest.xml:2:1-479:12
	package
		ADDED from src/main/AndroidManifest.xml:3:5-33
		INJECTED from src/main/AndroidManifest.xml
		INJECTED from src/main/AndroidManifest.xml
	android:versionName
		ADDED from src/main/AndroidManifest.xml:5:5-30
		INJECTED from src/main/AndroidManifest.xml
		INJECTED from src/main/AndroidManifest.xml
	android:versionCode
		ADDED from src/main/AndroidManifest.xml:4:5-28
		INJECTED from src/main/AndroidManifest.xml
		INJECTED from src/main/AndroidManifest.xml
	xmlns:android
		ADDED from src/main/AndroidManifest.xml:2:11-69
uses-sdk
ADDED from src/main/AndroidManifest.xml:7:5-9:41
MERGED from [com.android.support:support-v4:23.2.0] AndroidManifest.xml:20:5-43
MERGED from [com.android.support:appcompat-v7:23.1.1] AndroidManifest.xml:20:5-43
MERGED from [com.android.support:support-v4:23.2.0] AndroidManifest.xml:20:5-43
MERGED from [com.android.support:design:23.1.1] AndroidManifest.xml:20:5-43
MERGED from [com.android.support:appcompat-v7:23.1.1] AndroidManifest.xml:20:5-43
MERGED from [com.android.support:support-v4:23.2.0] AndroidManifest.xml:20:5-43
MERGED from [com.android.support:recyclerview-v7:23.1.1] AndroidManifest.xml:20:5-43
MERGED from [com.android.support:support-v4:23.2.0] AndroidManifest.xml:20:5-43
MERGED from [com.android.support:support-v4:23.2.0] AndroidManifest.xml:20:5-43
	android:targetSdkVersion
		ADDED from src/main/AndroidManifest.xml:9:9-38
		INJECTED from src/main/AndroidManifest.xml
		INJECTED from src/main/AndroidManifest.xml
	android:minSdkVersion
		ADDED from src/main/AndroidManifest.xml:8:9-35
		INJECTED from src/main/AndroidManifest.xml
		INJECTED from src/main/AndroidManifest.xml
uses-permission#android.permission.INTERNET
ADDED from src/main/AndroidManifest.xml:11:5-67
	android:name
		ADDED from src/main/AndroidManifest.xml:11:22-64
uses-permission#android.permission.GET_ACCOUNTS
ADDED from src/main/AndroidManifest.xml:12:5-71
	android:name
		ADDED from src/main/AndroidManifest.xml:12:22-68
uses-permission#com.mycompany.apps.permission.C2D_MESSAGE
ADDED from src/main/AndroidManifest.xml:14:5-16:47
	android:protectionLevel
		ADDED from src/main/AndroidManifest.xml:16:9-44
	android:name
		ADDED from src/main/AndroidManifest.xml:15:9-65
uses-permission#com.google.android.c2dm.permission.RECEIVE
ADDED from src/main/AndroidManifest.xml:18:5-82
	android:name
		ADDED from src/main/AndroidManifest.xml:18:22-79
uses-permission#android.permission.WAKE_LOCK
ADDED from src/main/AndroidManifest.xml:20:5-68
	android:name
		ADDED from src/main/AndroidManifest.xml:20:22-65
uses-permission#android.permission.READ_CONTACTS
ADDED from src/main/AndroidManifest.xml:21:5-72
	android:name
		ADDED from src/main/AndroidManifest.xml:21:22-69
uses-permission#android.permission.READ_PHONE_STATE
ADDED from src/main/AndroidManifest.xml:22:5-75
	android:name
		ADDED from src/main/AndroidManifest.xml:22:22-72
uses-permission#android.permission.READ_EXTERNAL_STORAGE
ADDED from src/main/AndroidManifest.xml:23:5-80
	android:name
		ADDED from src/main/AndroidManifest.xml:23:22-77
uses-permission#android.permission.RECEIVE_BOOT_COMPLETED
ADDED from src/main/AndroidManifest.xml:24:5-81
	android:name
		ADDED from src/main/AndroidManifest.xml:24:22-78
uses-permission#android.permission.DISABLE_KEYGUARD
ADDED from src/main/AndroidManifest.xml:25:4-73
	android:name
		ADDED from src/main/AndroidManifest.xml:25:21-71
uses-permission#android.permission.SYSTEM_ALERT_WINDOW
ADDED from src/main/AndroidManifest.xml:32:5-77
	android:name
		ADDED from src/main/AndroidManifest.xml:32:22-75
uses-permission#android.permission.MODIFY_AUDIO_SETTINGS
ADDED from src/main/AndroidManifest.xml:33:5-79
	android:name
		ADDED from src/main/AndroidManifest.xml:33:22-77
uses-permission#android.permission.WRITE_EXTERNAL_STORAGE
ADDED from src/main/AndroidManifest.xml:35:5-37:38
	android:maxSdkVersion
		ADDED from src/main/AndroidManifest.xml:37:9-35
	android:name
		ADDED from src/main/AndroidManifest.xml:36:9-65
application
ADDED from src/main/AndroidManifest.xml:39:5-477:19
MERGED from [com.android.support:support-v4:23.2.0] AndroidManifest.xml:22:5-20
MERGED from [com.android.support:appcompat-v7:23.1.1] AndroidManifest.xml:22:5-20
MERGED from [com.android.support:support-v4:23.2.0] AndroidManifest.xml:22:5-20
MERGED from [com.android.support:design:23.1.1] AndroidManifest.xml:22:5-20
MERGED from [com.android.support:appcompat-v7:23.1.1] AndroidManifest.xml:22:5-20
MERGED from [com.android.support:support-v4:23.2.0] AndroidManifest.xml:22:5-20
MERGED from [com.android.support:support-v4:23.2.0] AndroidManifest.xml:22:5-20
MERGED from [com.android.support:support-v4:23.2.0] AndroidManifest.xml:22:5-20
	android:label
		ADDED from src/main/AndroidManifest.xml:41:9-25
	android:windowSoftInputMode
		ADDED from src/main/AndroidManifest.xml:42:9-56
	android:icon
		ADDED from src/main/AndroidManifest.xml:40:9-35
activity#com.mycompany.apps.Activity_Installation
ADDED from src/main/AndroidManifest.xml:43:9-52:20
	android:screenOrientation
		ADDED from src/main/AndroidManifest.xml:46:13-50
	android:label
		ADDED from src/main/AndroidManifest.xml:45:13-29
	android:theme
		ADDED from src/main/AndroidManifest.xml:47:13-52
	android:name
		ADDED from src/main/AndroidManifest.xml:44:13-50
intent-filter#android.intent.action.MAIN+android.intent.category.LAUNCHER
ADDED from src/main/AndroidManifest.xml:48:13-51:29
action#android.intent.action.MAIN
ADDED from src/main/AndroidManifest.xml:49:17-69
	android:name
		ADDED from src/main/AndroidManifest.xml:49:25-66
category#android.intent.category.LAUNCHER
ADDED from src/main/AndroidManifest.xml:50:17-77
	android:name
		ADDED from src/main/AndroidManifest.xml:50:27-74
activity#com.mycompany.apps.GoSyncActivity
ADDED from src/main/AndroidManifest.xml:53:9-55:32
	android:label
		ADDED from src/main/AndroidManifest.xml:55:13-29
	android:name
		ADDED from src/main/AndroidManifest.xml:54:13-43
receiver#com.mycompany.apps.BootUpReceiver
ADDED from src/main/AndroidManifest.xml:56:9-64:20
	android:enabled
		ADDED from src/main/AndroidManifest.xml:56:19-41
	android:permission
		ADDED from src/main/AndroidManifest.xml:58:13-75
	android:name
		ADDED from src/main/AndroidManifest.xml:57:13-43
intent-filter#android.intent.action.BOOT_COMPLETED+android.intent.category.DEFAULT
ADDED from src/main/AndroidManifest.xml:60:13-63:29
action#android.intent.action.BOOT_COMPLETED
ADDED from src/main/AndroidManifest.xml:61:17-79
	android:name
		ADDED from src/main/AndroidManifest.xml:61:25-76
category#android.intent.category.DEFAULT
ADDED from src/main/AndroidManifest.xml:62:17-76
	android:name
		ADDED from src/main/AndroidManifest.xml:62:27-73
receiver#com.google.android.gcm.GCMBroadcastReceiver
ADDED from src/main/AndroidManifest.xml:67:9-77:20
	android:permission
		ADDED from src/main/AndroidManifest.xml:69:13-73
	android:name
		ADDED from src/main/AndroidManifest.xml:68:13-71
intent-filter#android.intent.action.SEARCH+com.google.android.c2dm.intent.RECEIVE+com.google.android.c2dm.intent.REGISTRATION+com.mycompany.apps
ADDED from src/main/AndroidManifest.xml:70:13-76:29
action#com.google.android.c2dm.intent.RECEIVE
ADDED from src/main/AndroidManifest.xml:71:17-81
	android:name
		ADDED from src/main/AndroidManifest.xml:71:25-78
action#com.google.android.c2dm.intent.REGISTRATION
ADDED from src/main/AndroidManifest.xml:72:17-86
	android:name
		ADDED from src/main/AndroidManifest.xml:72:25-83
action#android.intent.action.SEARCH
ADDED from src/main/AndroidManifest.xml:73:17-71
	android:name
		ADDED from src/main/AndroidManifest.xml:73:25-68
category#com.mycompany.apps
ADDED from src/main/AndroidManifest.xml:75:17-63
	android:name
		ADDED from src/main/AndroidManifest.xml:75:27-60
service#com.mycompany.apps.GCMIntentService
ADDED from src/main/AndroidManifest.xml:83:9-53
	android:name
		ADDED from src/main/AndroidManifest.xml:83:18-50
service#com.mycompany.apps.SyncService
ADDED from src/main/AndroidManifest.xml:84:9-48
	android:name
		ADDED from src/main/AndroidManifest.xml:84:18-45
activity#com.mycompany.apps.ActivityCustomer
ADDED from src/main/AndroidManifest.xml:86:9-91:70
	android:label
		ADDED from src/main/AndroidManifest.xml:89:13-29
	android:windowSoftInputMode
		ADDED from src/main/AndroidManifest.xml:91:13-67
	android:configChanges
		ADDED from src/main/AndroidManifest.xml:88:13-63
	android:theme
		ADDED from src/main/AndroidManifest.xml:90:13-52
	android:name
		ADDED from src/main/AndroidManifest.xml:87:13-45
activity#com.mycompany.apps.ReportVendorReturnActivity
ADDED from src/main/AndroidManifest.xml:93:9-97:55
	android:label
		ADDED from src/main/AndroidManifest.xml:96:13-29
	android:configChanges
		ADDED from src/main/AndroidManifest.xml:95:13-63
	android:theme
		ADDED from src/main/AndroidManifest.xml:97:13-52
	android:name
		ADDED from src/main/AndroidManifest.xml:94:13-55
activity#com.mycompany.apps.Activity_masterScreen1
ADDED from src/main/AndroidManifest.xml:99:9-104:70
	android:label
		ADDED from src/main/AndroidManifest.xml:102:13-29
	android:windowSoftInputMode
		ADDED from src/main/AndroidManifest.xml:104:13-67
	android:configChanges
		ADDED from src/main/AndroidManifest.xml:101:13-63
	android:theme
		ADDED from src/main/AndroidManifest.xml:103:13-52
	android:name
		ADDED from src/main/AndroidManifest.xml:100:13-51
activity#com.mycompany.apps.Activity_masterScreen2
ADDED from src/main/AndroidManifest.xml:105:9-110:70
	android:label
		ADDED from src/main/AndroidManifest.xml:108:13-29
	android:windowSoftInputMode
		ADDED from src/main/AndroidManifest.xml:110:13-67
	android:configChanges
		ADDED from src/main/AndroidManifest.xml:107:13-63
	android:theme
		ADDED from src/main/AndroidManifest.xml:109:13-52
	android:name
		ADDED from src/main/AndroidManifest.xml:106:13-51
activity#com.mycompany.apps.ActivityVendor
ADDED from src/main/AndroidManifest.xml:111:9-116:70
	android:label
		ADDED from src/main/AndroidManifest.xml:114:13-29
	android:windowSoftInputMode
		ADDED from src/main/AndroidManifest.xml:116:13-67
	android:configChanges
		ADDED from src/main/AndroidManifest.xml:113:13-63
	android:theme
		ADDED from src/main/AndroidManifest.xml:115:13-52
	android:name
		ADDED from src/main/AndroidManifest.xml:112:13-43
activity#com.mycompany.apps.login
ADDED from src/main/AndroidManifest.xml:117:9-122:70
	android:label
		ADDED from src/main/AndroidManifest.xml:120:13-29
	android:windowSoftInputMode
		ADDED from src/main/AndroidManifest.xml:122:13-67
	android:configChanges
		ADDED from src/main/AndroidManifest.xml:119:13-63
	android:theme
		ADDED from src/main/AndroidManifest.xml:121:13-52
	android:name
		ADDED from src/main/AndroidManifest.xml:118:13-34
activity#com.mycompany.apps.ActivityLocalProduct
ADDED from src/main/AndroidManifest.xml:123:9-128:70
	android:label
		ADDED from src/main/AndroidManifest.xml:126:13-29
	android:windowSoftInputMode
		ADDED from src/main/AndroidManifest.xml:128:13-67
	android:configChanges
		ADDED from src/main/AndroidManifest.xml:125:13-63
	android:theme
		ADDED from src/main/AndroidManifest.xml:127:13-52
	android:name
		ADDED from src/main/AndroidManifest.xml:124:13-49
activity#com.mycompany.apps.ActivityTax
ADDED from src/main/AndroidManifest.xml:130:9-135:70
	android:label
		ADDED from src/main/AndroidManifest.xml:133:13-29
	android:windowSoftInputMode
		ADDED from src/main/AndroidManifest.xml:135:13-67
	android:configChanges
		ADDED from src/main/AndroidManifest.xml:132:13-63
	android:theme
		ADDED from src/main/AndroidManifest.xml:134:13-52
	android:name
		ADDED from src/main/AndroidManifest.xml:131:13-40
activity#com.mycompany.apps.ActivityStore
ADDED from src/main/AndroidManifest.xml:136:9-141:70
	android:label
		ADDED from src/main/AndroidManifest.xml:139:13-29
	android:windowSoftInputMode
		ADDED from src/main/AndroidManifest.xml:141:13-67
	android:configChanges
		ADDED from src/main/AndroidManifest.xml:138:13-63
	android:theme
		ADDED from src/main/AndroidManifest.xml:140:13-52
	android:name
		ADDED from src/main/AndroidManifest.xml:137:13-42
activity#com.mycompany.apps.ReportSalesReturnWithInvoiceActivity
ADDED from src/main/AndroidManifest.xml:142:9-147:70
	android:label
		ADDED from src/main/AndroidManifest.xml:145:13-29
	android:windowSoftInputMode
		ADDED from src/main/AndroidManifest.xml:147:13-67
	android:configChanges
		ADDED from src/main/AndroidManifest.xml:144:13-63
	android:theme
		ADDED from src/main/AndroidManifest.xml:146:13-52
	android:name
		ADDED from src/main/AndroidManifest.xml:143:13-65
activity#com.mycompany.apps.ReportSalesReturnWithoutInvoiceActivity
ADDED from src/main/AndroidManifest.xml:148:9-153:70
	android:label
		ADDED from src/main/AndroidManifest.xml:151:13-29
	android:windowSoftInputMode
		ADDED from src/main/AndroidManifest.xml:153:13-67
	android:configChanges
		ADDED from src/main/AndroidManifest.xml:150:13-63
	android:theme
		ADDED from src/main/AndroidManifest.xml:152:13-52
	android:name
		ADDED from src/main/AndroidManifest.xml:149:13-68
activity#com.mycompany.apps.SalesReturnReportActivity
ADDED from src/main/AndroidManifest.xml:154:9-159:70
	android:label
		ADDED from src/main/AndroidManifest.xml:157:13-29
	android:windowSoftInputMode
		ADDED from src/main/AndroidManifest.xml:159:13-67
	android:configChanges
		ADDED from src/main/AndroidManifest.xml:156:13-63
	android:theme
		ADDED from src/main/AndroidManifest.xml:158:13-52
	android:name
		ADDED from src/main/AndroidManifest.xml:155:13-54
activity#com.mycompany.apps.ActivityProduct
ADDED from src/main/AndroidManifest.xml:160:9-165:70
	android:label
		ADDED from src/main/AndroidManifest.xml:163:13-29
	android:windowSoftInputMode
		ADDED from src/main/AndroidManifest.xml:165:13-67
	android:configChanges
		ADDED from src/main/AndroidManifest.xml:162:13-63
	android:theme
		ADDED from src/main/AndroidManifest.xml:164:13-52
	android:name
		ADDED from src/main/AndroidManifest.xml:161:13-44
activity#com.mycompany.apps.Activitypurchase
ADDED from src/main/AndroidManifest.xml:166:9-171:70
	android:label
		ADDED from src/main/AndroidManifest.xml:169:13-29
	android:windowSoftInputMode
		ADDED from src/main/AndroidManifest.xml:171:13-67
	android:configChanges
		ADDED from src/main/AndroidManifest.xml:168:13-63
	android:theme
		ADDED from src/main/AndroidManifest.xml:170:13-52
	android:name
		ADDED from src/main/AndroidManifest.xml:167:13-45
activity#com.mycompany.apps.ActivitySales
ADDED from src/main/AndroidManifest.xml:172:9-177:70
	android:label
		ADDED from src/main/AndroidManifest.xml:175:13-29
	android:windowSoftInputMode
		ADDED from src/main/AndroidManifest.xml:177:13-67
	android:configChanges
		ADDED from src/main/AndroidManifest.xml:174:13-63
	android:theme
		ADDED from src/main/AndroidManifest.xml:176:13-52
	android:name
		ADDED from src/main/AndroidManifest.xml:173:13-42
activity#com.mycompany.apps.ActivityDayOpen
ADDED from src/main/AndroidManifest.xml:178:9-183:70
	android:label
		ADDED from src/main/AndroidManifest.xml:181:13-29
	android:windowSoftInputMode
		ADDED from src/main/AndroidManifest.xml:183:13-67
	android:configChanges
		ADDED from src/main/AndroidManifest.xml:180:13-63
	android:theme
		ADDED from src/main/AndroidManifest.xml:182:13-52
	android:name
		ADDED from src/main/AndroidManifest.xml:179:13-44
activity#com.mycompany.apps.ActivityTender
ADDED from src/main/AndroidManifest.xml:184:9-189:70
	android:label
		ADDED from src/main/AndroidManifest.xml:187:13-29
	android:windowSoftInputMode
		ADDED from src/main/AndroidManifest.xml:189:13-67
	android:configChanges
		ADDED from src/main/AndroidManifest.xml:186:13-63
	android:theme
		ADDED from src/main/AndroidManifest.xml:188:13-52
	android:name
		ADDED from src/main/AndroidManifest.xml:185:13-43
activity#com.mycompany.apps.ActivityScheme
ADDED from src/main/AndroidManifest.xml:190:9-195:70
	android:label
		ADDED from src/main/AndroidManifest.xml:193:13-29
	android:windowSoftInputMode
		ADDED from src/main/AndroidManifest.xml:195:13-67
	android:configChanges
		ADDED from src/main/AndroidManifest.xml:192:13-63
	android:theme
		ADDED from src/main/AndroidManifest.xml:194:13-52
	android:name
		ADDED from src/main/AndroidManifest.xml:191:13-43
activity#com.mycompany.apps.ActivityMaintain
ADDED from src/main/AndroidManifest.xml:196:9-199:55
	android:label
		ADDED from src/main/AndroidManifest.xml:198:13-29
	android:theme
		ADDED from src/main/AndroidManifest.xml:199:13-52
	android:name
		ADDED from src/main/AndroidManifest.xml:197:13-45
activity#com.mycompany.apps.ActivitylocalVendor
ADDED from src/main/AndroidManifest.xml:200:9-203:55
	android:label
		ADDED from src/main/AndroidManifest.xml:202:13-29
	android:theme
		ADDED from src/main/AndroidManifest.xml:203:13-52
	android:name
		ADDED from src/main/AndroidManifest.xml:201:13-48
activity#com.mycompany.apps.ActivityReportMain
ADDED from src/main/AndroidManifest.xml:208:9-211:55
	android:label
		ADDED from src/main/AndroidManifest.xml:210:13-29
	android:theme
		ADDED from src/main/AndroidManifest.xml:211:13-52
	android:name
		ADDED from src/main/AndroidManifest.xml:209:13-47
activity#com.mycompany.apps.ReportActivity
ADDED from src/main/AndroidManifest.xml:212:9-215:55
	android:label
		ADDED from src/main/AndroidManifest.xml:214:13-29
	android:theme
		ADDED from src/main/AndroidManifest.xml:215:13-52
	android:name
		ADDED from src/main/AndroidManifest.xml:213:13-43
activity#com.mycompany.apps.BlinkinglogoActivity
ADDED from src/main/AndroidManifest.xml:216:9-219:55
	android:label
		ADDED from src/main/AndroidManifest.xml:218:13-29
	android:theme
		ADDED from src/main/AndroidManifest.xml:219:13-52
	android:name
		ADDED from src/main/AndroidManifest.xml:217:13-49
activity#com.mycompany.apps.ActivityMainMaintainence
ADDED from src/main/AndroidManifest.xml:220:9-223:55
	android:label
		ADDED from src/main/AndroidManifest.xml:222:13-29
	android:theme
		ADDED from src/main/AndroidManifest.xml:223:13-52
	android:name
		ADDED from src/main/AndroidManifest.xml:221:13-53
activity#com.mycompany.apps.maintainenecereport
ADDED from src/main/AndroidManifest.xml:224:9-227:55
	android:label
		ADDED from src/main/AndroidManifest.xml:226:13-29
	android:theme
		ADDED from src/main/AndroidManifest.xml:227:13-52
	android:name
		ADDED from src/main/AndroidManifest.xml:225:13-48
activity#com.mycompany.apps.Activityinternetbill
ADDED from src/main/AndroidManifest.xml:228:9-231:55
	android:label
		ADDED from src/main/AndroidManifest.xml:230:13-29
	android:theme
		ADDED from src/main/AndroidManifest.xml:231:13-52
	android:name
		ADDED from src/main/AndroidManifest.xml:229:13-49
activity#com.mycompany.apps.BiilinternetActivity
ADDED from src/main/AndroidManifest.xml:232:9-235:55
	android:label
		ADDED from src/main/AndroidManifest.xml:234:13-29
	android:theme
		ADDED from src/main/AndroidManifest.xml:235:13-52
	android:name
		ADDED from src/main/AndroidManifest.xml:233:13-49
activity#com.mycompany.apps.PurchaseActivity
ADDED from src/main/AndroidManifest.xml:236:9-239:55
	android:label
		ADDED from src/main/AndroidManifest.xml:238:13-29
	android:theme
		ADDED from src/main/AndroidManifest.xml:239:13-52
	android:name
		ADDED from src/main/AndroidManifest.xml:237:13-45
activity#com.mycompany.apps.Activity_Media
ADDED from src/main/AndroidManifest.xml:240:9-242:32
	android:label
		ADDED from src/main/AndroidManifest.xml:242:13-29
	android:name
		ADDED from src/main/AndroidManifest.xml:241:13-43
activity#com.mycompany.apps.activity_inventory
ADDED from src/main/AndroidManifest.xml:243:9-246:55
	android:label
		ADDED from src/main/AndroidManifest.xml:245:13-29
	android:theme
		ADDED from src/main/AndroidManifest.xml:246:13-52
	android:name
		ADDED from src/main/AndroidManifest.xml:244:13-47
receiver#com.mycompany.apps.GoDBSyncAlarmManager
ADDED from src/main/AndroidManifest.xml:248:9-251:39
	android:enabled
		ADDED from src/main/AndroidManifest.xml:250:13-35
	android:exported
		ADDED from src/main/AndroidManifest.xml:251:13-36
	android:name
		ADDED from src/main/AndroidManifest.xml:249:13-49
activity#com.mycompany.apps.ActivityLoyality
ADDED from src/main/AndroidManifest.xml:253:9-256:55
	android:label
		ADDED from src/main/AndroidManifest.xml:255:13-29
	android:theme
		ADDED from src/main/AndroidManifest.xml:256:13-52
	android:name
		ADDED from src/main/AndroidManifest.xml:254:13-45
activity#com.mycompany.apps.ShowPurchaselistActivity
ADDED from src/main/AndroidManifest.xml:257:9-260:55
	android:label
		ADDED from src/main/AndroidManifest.xml:259:13-29
	android:theme
		ADDED from src/main/AndroidManifest.xml:260:13-52
	android:name
		ADDED from src/main/AndroidManifest.xml:258:13-53
activity#com.mycompany.apps.Activity_lineitem_discount
ADDED from src/main/AndroidManifest.xml:261:9-264:55
	android:label
		ADDED from src/main/AndroidManifest.xml:263:13-29
	android:theme
		ADDED from src/main/AndroidManifest.xml:264:13-52
	android:name
		ADDED from src/main/AndroidManifest.xml:262:13-55
activity#com.mycompany.apps.Activity_Top_Product
ADDED from src/main/AndroidManifest.xml:265:9-268:55
	android:label
		ADDED from src/main/AndroidManifest.xml:267:13-29
	android:theme
		ADDED from src/main/AndroidManifest.xml:268:13-52
	android:name
		ADDED from src/main/AndroidManifest.xml:266:13-49
activity#com.mycompany.apps.ProcurementReportActivity
ADDED from src/main/AndroidManifest.xml:269:9-272:55
	android:label
		ADDED from src/main/AndroidManifest.xml:271:13-29
	android:theme
		ADDED from src/main/AndroidManifest.xml:272:13-52
	android:name
		ADDED from src/main/AndroidManifest.xml:270:13-54
activity#com.mycompany.apps.Activityloyalitydefine
ADDED from src/main/AndroidManifest.xml:273:9-276:55
	android:label
		ADDED from src/main/AndroidManifest.xml:275:13-29
	android:theme
		ADDED from src/main/AndroidManifest.xml:276:13-52
	android:name
		ADDED from src/main/AndroidManifest.xml:274:13-51
activity#com.mycompany.apps.Activityloyalityaccural
ADDED from src/main/AndroidManifest.xml:277:9-280:55
	android:label
		ADDED from src/main/AndroidManifest.xml:279:13-29
	android:theme
		ADDED from src/main/AndroidManifest.xml:280:13-52
	android:name
		ADDED from src/main/AndroidManifest.xml:278:13-52
activity#com.mycompany.apps.Activityreport
ADDED from src/main/AndroidManifest.xml:281:9-284:55
	android:label
		ADDED from src/main/AndroidManifest.xml:283:13-29
	android:theme
		ADDED from src/main/AndroidManifest.xml:284:13-52
	android:name
		ADDED from src/main/AndroidManifest.xml:282:13-43
activity#com.mycompany.apps.Additems
ADDED from src/main/AndroidManifest.xml:285:9-288:55
	android:label
		ADDED from src/main/AndroidManifest.xml:287:13-29
	android:theme
		ADDED from src/main/AndroidManifest.xml:288:13-52
	android:name
		ADDED from src/main/AndroidManifest.xml:286:13-37
activity#com.mycompany.apps.ActivityLoyalityCust
ADDED from src/main/AndroidManifest.xml:289:9-292:55
	android:label
		ADDED from src/main/AndroidManifest.xml:291:13-29
	android:theme
		ADDED from src/main/AndroidManifest.xml:292:13-52
	android:name
		ADDED from src/main/AndroidManifest.xml:290:13-49
activity#com.mycompany.apps.Activity_Loyalty_Report
ADDED from src/main/AndroidManifest.xml:293:9-296:55
	android:label
		ADDED from src/main/AndroidManifest.xml:295:13-29
	android:theme
		ADDED from src/main/AndroidManifest.xml:296:13-52
	android:name
		ADDED from src/main/AndroidManifest.xml:294:13-52
activity#com.mycompany.apps.LoyaltyReportActivity
ADDED from src/main/AndroidManifest.xml:297:9-300:55
	android:label
		ADDED from src/main/AndroidManifest.xml:299:13-29
	android:theme
		ADDED from src/main/AndroidManifest.xml:300:13-52
	android:name
		ADDED from src/main/AndroidManifest.xml:298:13-50
activity#com.mycompany.apps.RetailCarddefineActivity
ADDED from src/main/AndroidManifest.xml:301:9-304:55
	android:label
		ADDED from src/main/AndroidManifest.xml:303:13-29
	android:theme
		ADDED from src/main/AndroidManifest.xml:304:13-52
	android:name
		ADDED from src/main/AndroidManifest.xml:302:13-53
activity#com.mycompany.apps.ActivityInvoice
ADDED from src/main/AndroidManifest.xml:305:9-308:55
	android:label
		ADDED from src/main/AndroidManifest.xml:307:13-29
	android:theme
		ADDED from src/main/AndroidManifest.xml:308:13-52
	android:name
		ADDED from src/main/AndroidManifest.xml:306:13-44
activity#com.mycompany.apps.VendorIndirectPaymentActivity
ADDED from src/main/AndroidManifest.xml:309:9-312:55
	android:label
		ADDED from src/main/AndroidManifest.xml:311:13-29
	android:theme
		ADDED from src/main/AndroidManifest.xml:312:13-52
	android:name
		ADDED from src/main/AndroidManifest.xml:310:13-58
activity#com.mycompany.apps.VendorPaymentActivity
ADDED from src/main/AndroidManifest.xml:313:9-316:55
	android:label
		ADDED from src/main/AndroidManifest.xml:315:13-29
	android:theme
		ADDED from src/main/AndroidManifest.xml:316:13-52
	android:name
		ADDED from src/main/AndroidManifest.xml:314:13-50
activity#com.mycompany.apps.activity_inventorywithpo
ADDED from src/main/AndroidManifest.xml:317:9-320:55
	android:label
		ADDED from src/main/AndroidManifest.xml:319:13-29
	android:theme
		ADDED from src/main/AndroidManifest.xml:320:13-52
	android:name
		ADDED from src/main/AndroidManifest.xml:318:13-53
activity#com.mycompany.apps.RuleDefinationActivity
ADDED from src/main/AndroidManifest.xml:321:9-324:55
	android:label
		ADDED from src/main/AndroidManifest.xml:323:13-29
	android:theme
		ADDED from src/main/AndroidManifest.xml:324:13-52
	android:name
		ADDED from src/main/AndroidManifest.xml:322:13-51
activity#com.mycompany.apps.VendorReturnActivity
ADDED from src/main/AndroidManifest.xml:325:9-328:55
	android:label
		ADDED from src/main/AndroidManifest.xml:327:13-29
	android:theme
		ADDED from src/main/AndroidManifest.xml:328:13-52
	android:name
		ADDED from src/main/AndroidManifest.xml:326:13-49
activity#com.mycompany.apps.ActivitySalesreturn
ADDED from src/main/AndroidManifest.xml:329:9-332:55
	android:label
		ADDED from src/main/AndroidManifest.xml:331:13-29
	android:theme
		ADDED from src/main/AndroidManifest.xml:332:13-52
	android:name
		ADDED from src/main/AndroidManifest.xml:330:13-48
activity#com.mycompany.apps.GMainActivity
ADDED from src/main/AndroidManifest.xml:333:9-336:55
	android:label
		ADDED from src/main/AndroidManifest.xml:335:13-29
	android:theme
		ADDED from src/main/AndroidManifest.xml:336:13-52
	android:name
		ADDED from src/main/AndroidManifest.xml:334:13-42
activity#com.mycompany.apps.Activityvendorpayment
ADDED from src/main/AndroidManifest.xml:337:9-340:55
	android:label
		ADDED from src/main/AndroidManifest.xml:339:13-29
	android:theme
		ADDED from src/main/AndroidManifest.xml:340:13-52
	android:name
		ADDED from src/main/AndroidManifest.xml:338:13-50
activity#com.mycompany.apps.ActivitySalesbill
ADDED from src/main/AndroidManifest.xml:341:9-345:57
	android:label
		ADDED from src/main/AndroidManifest.xml:343:13-29
	android:windowSoftInputMode
		ADDED from src/main/AndroidManifest.xml:345:13-55
	android:theme
		ADDED from src/main/AndroidManifest.xml:344:13-52
	android:name
		ADDED from src/main/AndroidManifest.xml:342:13-46
activity#com.mycompany.apps.Activity_Comp_Btl
ADDED from src/main/AndroidManifest.xml:346:9-349:55
	android:label
		ADDED from src/main/AndroidManifest.xml:348:13-29
	android:theme
		ADDED from src/main/AndroidManifest.xml:349:13-52
	android:name
		ADDED from src/main/AndroidManifest.xml:347:13-46
activity#com.mycompany.apps.Activity_Mfg_btl
ADDED from src/main/AndroidManifest.xml:350:9-353:55
	android:label
		ADDED from src/main/AndroidManifest.xml:352:13-29
	android:theme
		ADDED from src/main/AndroidManifest.xml:353:13-52
	android:name
		ADDED from src/main/AndroidManifest.xml:351:13-45
activity#com.mycompany.apps.UserManagementActivity
ADDED from src/main/AndroidManifest.xml:354:9-357:55
	android:label
		ADDED from src/main/AndroidManifest.xml:356:13-29
	android:theme
		ADDED from src/main/AndroidManifest.xml:357:13-52
	android:name
		ADDED from src/main/AndroidManifest.xml:355:13-51
activity#com.mycompany.apps.Activity_Salesreturn_withoutinvoiceno
ADDED from src/main/AndroidManifest.xml:358:9-361:55
	android:label
		ADDED from src/main/AndroidManifest.xml:360:13-29
	android:theme
		ADDED from src/main/AndroidManifest.xml:361:13-52
	android:name
		ADDED from src/main/AndroidManifest.xml:359:13-66
activity#com.mycompany.apps.Activitylocalproductcpg
ADDED from src/main/AndroidManifest.xml:362:9-365:55
	android:label
		ADDED from src/main/AndroidManifest.xml:364:13-29
	android:theme
		ADDED from src/main/AndroidManifest.xml:365:13-52
	android:name
		ADDED from src/main/AndroidManifest.xml:363:13-52
activity#com.mycompany.apps.Activityproductcpg
ADDED from src/main/AndroidManifest.xml:366:9-369:55
	android:label
		ADDED from src/main/AndroidManifest.xml:368:13-29
	android:theme
		ADDED from src/main/AndroidManifest.xml:369:13-52
	android:name
		ADDED from src/main/AndroidManifest.xml:367:13-47
activity#com.mycompany.apps.ProductPharmaReportActivity
ADDED from src/main/AndroidManifest.xml:370:9-375:70
	android:label
		ADDED from src/main/AndroidManifest.xml:373:13-29
	android:windowSoftInputMode
		ADDED from src/main/AndroidManifest.xml:375:13-67
	android:configChanges
		ADDED from src/main/AndroidManifest.xml:372:13-63
	android:theme
		ADDED from src/main/AndroidManifest.xml:374:13-52
	android:name
		ADDED from src/main/AndroidManifest.xml:371:13-56
activity#com.mycompany.apps.ProductCpgReportActivity
ADDED from src/main/AndroidManifest.xml:376:9-381:70
	android:label
		ADDED from src/main/AndroidManifest.xml:379:13-29
	android:windowSoftInputMode
		ADDED from src/main/AndroidManifest.xml:381:13-67
	android:configChanges
		ADDED from src/main/AndroidManifest.xml:378:13-63
	android:theme
		ADDED from src/main/AndroidManifest.xml:380:13-52
	android:name
		ADDED from src/main/AndroidManifest.xml:377:13-53
activity#com.mycompany.apps.AdTickerReportActivity
ADDED from src/main/AndroidManifest.xml:382:9-385:55
	android:label